# JRE version: OpenJDK Runtime Environment (11.0.10) (build 11.0.10+0-b96-7249189)
# Java VM: OpenJDK 64-Bit Server VM (11.0.10+0-b96-7249189, mixed mode, tiered, compressed oops, g1 gc, windows-amd64)
Heap:
 garbage-first heap   total 503808K, used 283304K [0x0000000080000000, 0x0000000100000000)
  region size 1024K, 110 young (112640K), 16 survivors (16384K)
 Metaspace       used 154863K, capacity 160439K, committed 160664K, reserved 1189888K
  class space    used 18832K, capacity 20787K, committed 20888K, reserved 1048576K
GC Heap History (20 events):
Event: 9942.465 GC heap before
{Heap before GC invocations=167 (full 0):
 garbage-first heap   total 503808K, used 443877K [0x0000000080000000, 0x0000000100000000)
  region size 1024K, 39 young (39936K), 2 survivors (2048K)
 Metaspace       used 152762K, capacity 158198K, committed 158616K, reserved 1187840K
  class space    used 18595K, capacity 20496K, committed 20632K, reserved 1048576K
}
Event: 9942.473 GC heap after
{Heap after GC invocations=168 (full 0):
 garbage-first heap   total 503808K, used 407664K [0x0000000080000000, 0x0000000100000000)
  region size 1024K, 3 young (3072K), 3 survivors (3072K)
 Metaspace       used 152762K, capacity 158198K, committed 158616K, reserved 1187840K
  class space    used 18595K, capacity 20496K, committed 20632K, reserved 1048576K
}
Event: 9942.615 GC heap before
{Heap before GC invocations=168 (full 0):
 garbage-first heap   total 503808K, used 444528K [0x0000000080000000, 0x0000000100000000)
  region size 1024K, 40 young (40960K), 3 survivors (3072K)
 Metaspace       used 152764K, capacity 158198K, committed 158616K, reserved 1187840K
  class space    used 18595K, capacity 20496K, committed 20632K, reserved 1048576K
}
Event: 9942.625 GC heap after
{Heap after GC invocations=169 (full 0):
 garbage-first heap   total 503808K, used 408319K [0x0000000080000000, 0x0000000100000000)
  region size 1024K, 3 young (3072K), 3 survivors (3072K)
 Metaspace       used 152764K, capacity 158198K, committed 158616K, reserved 1187840K
  class space    used 18595K, capacity 20496K, committed 20632K, reserved 1048576K
}
Event: 9942.852 GC heap before
{Heap before GC invocations=169 (full 0):
 garbage-first heap   total 503808K, used 445183K [0x0000000080000000, 0x0000000100000000)
  region size 1024K, 40 young (40960K), 3 survivors (3072K)
 Metaspace       used 152764K, capacity 158198K, committed 158616K, reserved 1187840K
  class space    used 18595K, capacity 20496K, committed 20632K, reserved 1048576K
}
Event: 9942.862 GC heap after
{Heap after GC invocations=170 (full 0):
 garbage-first heap   total 503808K, used 408478K [0x0000000080000000, 0x0000000100000000)
  region size 1024K, 3 young (3072K), 3 survivors (3072K)
 Metaspace       used 152764K, capacity 158198K, committed 158616K, reserved 1187840K
  class space    used 18595K, capacity 20496K, committed 20632K, reserved 1048576K
}
Event: 9943.066 GC heap before
{Heap before GC invocations=170 (full 0):
 garbage-first heap   total 503808K, used 400286K [0x0000000080000000, 0x0000000100000000)
  region size 1024K, 40 young (40960K), 3 survivors (3072K)
 Metaspace       used 152764K, capacity 158198K, committed 158616K, reserved 1187840K
  class space    used 18595K, capacity 20496K, committed 20632K, reserved 1048576K
}
Event: 9943.076 GC heap after
{Heap after GC invocations=171 (full 0):
 garbage-first heap   total 503808K, used 363511K [0x0000000080000000, 0x0000000100000000)
  region size 1024K, 3 young (3072K), 3 survivors (3072K)
 Metaspace       used 152764K, capacity 158198K, committed 158616K, reserved 1187840K
  class space    used 18595K, capacity 20496K, committed 20632K, reserved 1048576K
}
Event: 9943.487 GC heap before
{Heap before GC invocations=172 (full 0):
 garbage-first heap   total 503808K, used 434167K [0x0000000080000000, 0x0000000100000000)
  region size 1024K, 73 young (74752K), 3 survivors (3072K)
 Metaspace       used 152764K, capacity 158198K, committed 158616K, reserved 1187840K
  class space    used 18595K, capacity 20496K, committed 20632K, reserved 1048576K
}
Event: 9943.496 GC heap after
{Heap after GC invocations=173 (full 0):
 garbage-first heap   total 503808K, used 363507K [0x0000000080000000, 0x0000000100000000)
  region size 1024K, 3 young (3072K), 3 survivors (3072K)
 Metaspace       used 152764K, capacity 158198K, committed 158616K, reserved 1187840K
  class space    used 18595K, capacity 20496K, committed 20632K, reserved 1048576K
}
Event: 9944.020 GC heap before
{Heap before GC invocations=173 (full 0):
 garbage-first heap   total 503808K, used 436211K [0x0000000080000000, 0x0000000100000000)
  region size 1024K, 75 young (76800K), 3 survivors (3072K)
 Metaspace       used 152771K, capacity 158198K, committed 158616K, reserved 1187840K
  class space    used 18595K, capacity 20496K, committed 20632K, reserved 1048576K
}
Event: 9944.029 GC heap after
{Heap after GC invocations=174 (full 0):
 garbage-first heap   total 503808K, used 363631K [0x0000000080000000, 0x0000000100000000)
  region size 1024K, 3 young (3072K), 3 survivors (3072K)
 Metaspace       used 152771K, capacity 158198K, committed 158616K, reserved 1187840K
  class space    used 18595K, capacity 20496K, committed 20632K, reserved 1048576K
}
Event: 9944.675 GC heap before
{Heap before GC invocations=174 (full 0):
 garbage-first heap   total 503808K, used 258159K [0x0000000080000000, 0x0000000100000000)
  region size 1024K, 76 young (77824K), 3 survivors (3072K)
 Metaspace       used 152835K, capacity 158268K, committed 158616K, reserved 1187840K
  class space    used 18596K, capacity 20498K, committed 20632K, reserved 1048576K
}
Event: 9944.689 GC heap after
{Heap after GC invocations=175 (full 0):
 garbage-first heap   total 503808K, used 185211K [0x0000000080000000, 0x0000000100000000)
  region size 1024K, 4 young (4096K), 4 survivors (4096K)
 Metaspace       used 152835K, capacity 158268K, committed 158616K, reserved 1187840K
  class space    used 18596K, capacity 20498K, committed 20632K, reserved 1048576K
}
Event: 9946.389 GC heap before
{Heap before GC invocations=176 (full 0):
 garbage-first heap   total 503808K, used 379771K [0x0000000080000000, 0x0000000100000000)
  region size 1024K, 174 young (178176K), 4 survivors (4096K)
 Metaspace       used 153429K, capacity 158900K, committed 159128K, reserved 1187840K
  class space    used 18646K, capacity 20576K, committed 20632K, reserved 1048576K
}
Event: 9946.402 GC heap after
{Heap after GC invocations=177 (full 0):
 garbage-first heap   total 503808K, used 186350K [0x0000000080000000, 0x0000000100000000)
  region size 1024K, 5 young (5120K), 5 survivors (5120K)
 Metaspace       used 153429K, capacity 158900K, committed 159128K, reserved 1187840K
  class space    used 18646K, capacity 20576K, committed 20632K, reserved 1048576K
}
Event: 9946.679 GC heap before
{Heap before GC invocations=177 (full 0):
 garbage-first heap   total 503808K, used 204782K [0x0000000080000000, 0x0000000100000000)
  region size 1024K, 24 young (24576K), 5 survivors (5120K)
 Metaspace       used 153928K, capacity 159420K, committed 159768K, reserved 1187840K
  class space    used 18700K, capacity 20621K, committed 20760K, reserved 1048576K
}
Event: 9946.694 GC heap after
{Heap after GC invocations=178 (full 0):
 garbage-first heap   total 503808K, used 187650K [0x0000000080000000, 0x0000000100000000)
  region size 1024K, 3 young (3072K), 3 survivors (3072K)
 Metaspace       used 153928K, capacity 159420K, committed 159768K, reserved 1187840K
  class space    used 18700K, capacity 20621K, committed 20760K, reserved 1048576K
}
Event: 9948.510 GC heap before
{Heap before GC invocations=178 (full 0):
 garbage-first heap   total 503808K, used 396546K [0x0000000080000000, 0x0000000100000000)
  region size 1024K, 208 young (212992K), 3 survivors (3072K)
 Metaspace       used 154716K, capacity 160323K, committed 160664K, reserved 1189888K
  class space    used 18815K, capacity 20771K, committed 20888K, reserved 1048576K
}
Event: 9948.553 GC heap after
{Heap after GC invocations=179 (full 0):
 garbage-first heap   total 503808K, used 201384K [0x0000000080000000, 0x0000000100000000)
  region size 1024K, 16 young (16384K), 16 survivors (16384K)
 Metaspace       used 154716K, capacity 160323K, committed 160664K, reserved 1189888K
  class space    used 18815K, capacity 20771K, committed 20888K, reserved 1048576K
}

